i:\hbargv10 nueva resolucion\[src]client version 10\x64\desbug\vc120.pdb
i:\hbargv10 nueva resolucion\[src]client version 10\x64\desbug\tilespr.obj
i:\hbargv10 nueva resolucion\[src]client version 10\x64\desbug\tile.obj
i:\hbargv10 nueva resolucion\[src]client version 10\x64\desbug\strtok.obj
i:\hbargv10 nueva resolucion\[src]client version 10\x64\desbug\sprite.obj
i:\hbargv10 nueva resolucion\[src]client version 10\x64\desbug\soundbuffer.obj
i:\hbargv10 nueva resolucion\[src]client version 10\x64\desbug\skill.obj
i:\hbargv10 nueva resolucion\[src]client version 10\x64\desbug\mydib.obj
i:\hbargv10 nueva resolucion\[src]client version 10\x64\desbug\msg.obj
i:\hbargv10 nueva resolucion\[src]client version 10\x64\desbug\mouseinterface.obj
i:\hbargv10 nueva resolucion\[src]client version 10\x64\desbug\misc.obj
i:\hbargv10 nueva resolucion\[src]client version 10\x64\desbug\mapdata.obj
i:\hbargv10 nueva resolucion\[src]client version 10\x64\desbug\magic.obj
i:\hbargv10 nueva resolucion\[src]client version 10\x64\desbug\itemname.obj
i:\hbargv10 nueva resolucion\[src]client version 10\x64\desbug\item.obj
i:\hbargv10 nueva resolucion\[src]client version 10\x64\desbug\gamemonitor.obj
i:\hbargv10 nueva resolucion\[src]client version 10\x64\desbug\game.obj
i:\hbargv10 nueva resolucion\[src]client version 10\x64\desbug\effect.obj
i:\hbargv10 nueva resolucion\[src]client version 10\x64\desbug\curse.obj
i:\hbargv10 nueva resolucion\[src]client version 10\x64\desbug\charinfo.obj
i:\hbargv10 nueva resolucion\[src]client version 10\x64\desbug\builditem.obj
i:\hbargv10 nueva resolucion\[src]client version 10\x64\desbug\resolution.obj
i:\hbargv10 nueva resolucion\[src]client version 10\x64\desbug\dxc_dsound.obj
i:\hbargv10 nueva resolucion\[src]client version 10\x64\desbug\dxc_dinput.obj
i:\hbargv10 nueva resolucion\[src]client version 10\x64\desbug\dxc_ddraw.obj
i:\hbargv10 nueva resolucion\[src]client version 10\x64\desbug\ywsound.obj
i:\hbargv10 nueva resolucion\[src]client version 10\x64\desbug\xsocket.obj
i:\hbargv10 nueva resolucion\[src]client version 10\x64\desbug\game.tlog\cl.command.1.tlog
i:\hbargv10 nueva resolucion\[src]client version 10\x64\desbug\game.tlog\cl.read.1.tlog
i:\hbargv10 nueva resolucion\[src]client version 10\x64\desbug\game.tlog\cl.write.1.tlog
