C:\[SRC]CLIENT VERSION 9\CXIMAGE\RELEASE\TIF_XFILE.OBJ
C:\[SRC]CLIENT VERSION 9\CXIMAGE\RELEASE\XIMABMP.OBJ
C:\[SRC]CLIENT VERSION 9\CXIMAGE\RELEASE\XIMADSP.OBJ
C:\[SRC]CLIENT VERSION 9\CXIMAGE\RELEASE\XIMAENC.OBJ
C:\[SRC]CLIENT VERSION 9\CXIMAGE\RELEASE\XIMAEXIF.OBJ
C:\[SRC]CLIENT VERSION 9\CXIMAGE\RELEASE\XIMAGE.OBJ
C:\[SRC]CLIENT VERSION 9\CXIMAGE\RELEASE\XIMAGIF.OBJ
C:\[SRC]CLIENT VERSION 9\CXIMAGE\RELEASE\XIMAHIST.OBJ
C:\[SRC]CLIENT VERSION 9\CXIMAGE\RELEASE\XIMAICO.OBJ
C:\[SRC]CLIENT VERSION 9\CXIMAGE\RELEASE\XIMAINFO.OBJ
C:\[SRC]CLIENT VERSION 9\CXIMAGE\RELEASE\XIMAINT.OBJ
C:\[SRC]CLIENT VERSION 9\CXIMAGE\RELEASE\XIMAJ2K.OBJ
C:\[SRC]CLIENT VERSION 9\CXIMAGE\RELEASE\XIMAJAS.OBJ
C:\[SRC]CLIENT VERSION 9\CXIMAGE\RELEASE\XIMAJBG.OBJ
C:\[SRC]CLIENT VERSION 9\CXIMAGE\RELEASE\XIMAJPG.OBJ
C:\[SRC]CLIENT VERSION 9\CXIMAGE\RELEASE\XIMALPHA.OBJ
C:\[SRC]CLIENT VERSION 9\CXIMAGE\RELEASE\XIMALYR.OBJ
C:\[SRC]CLIENT VERSION 9\CXIMAGE\RELEASE\XIMAMNG.OBJ
C:\[SRC]CLIENT VERSION 9\CXIMAGE\RELEASE\XIMAPAL.OBJ
C:\[SRC]CLIENT VERSION 9\CXIMAGE\RELEASE\XIMAPCX.OBJ
C:\[SRC]CLIENT VERSION 9\CXIMAGE\RELEASE\XIMAPNG.OBJ
C:\[SRC]CLIENT VERSION 9\CXIMAGE\RELEASE\XIMASEL.OBJ
C:\[SRC]CLIENT VERSION 9\CXIMAGE\RELEASE\XIMATGA.OBJ
C:\[SRC]CLIENT VERSION 9\CXIMAGE\RELEASE\XIMATH.OBJ
C:\[SRC]CLIENT VERSION 9\CXIMAGE\RELEASE\XIMATIF.OBJ
C:\[SRC]CLIENT VERSION 9\CXIMAGE\RELEASE\XIMAWBMP.OBJ
C:\[SRC]CLIENT VERSION 9\CXIMAGE\RELEASE\XIMAWMF.OBJ
C:\[SRC]CLIENT VERSION 9\CXIMAGE\RELEASE\XIMAWND.OBJ
C:\[SRC]CLIENT VERSION 9\CXIMAGE\RELEASE\XMEMFILE.OBJ
I:\Helbreath Argentina v13 2024\[SRC]Client Version 13\CxImage\.\Release\CxImage.lib
I:\Helbreath Argentina v13 2024\[SRC]Client Version 13\CxImage\Release\cl.command.1.tlog
I:\Helbreath Argentina v13 2024\[SRC]Client Version 13\CxImage\Release\CL.read.1.tlog
I:\Helbreath Argentina v13 2024\[SRC]Client Version 13\CxImage\Release\CL.write.1.tlog
I:\HELBREATH ARGENTINA V13 2024\[SRC]CLIENT VERSION 13\CXIMAGE\RELEASE\CXIMAGE.LIB
I:\Helbreath Argentina v13 2024\[SRC]Client Version 13\CxImage\Release\lib.command.1.tlog
I:\Helbreath Argentina v13 2024\[SRC]Client Version 13\CxImage\Release\Lib-link.read.1.tlog
I:\Helbreath Argentina v13 2024\[SRC]Client Version 13\CxImage\Release\Lib-link.write.1.tlog
I:\HELBREATH ARGENTINA V13 2024\[SRC]CLIENT VERSION 13\CXIMAGE\RELEASE\TIF_XFILE.OBJ
I:\HELBREATH ARGENTINA V13 2024\[SRC]CLIENT VERSION 13\CXIMAGE\RELEASE\VC100.PDB
I:\HELBREATH ARGENTINA V13 2024\[SRC]CLIENT VERSION 13\CXIMAGE\RELEASE\XIMABMP.OBJ
I:\HELBREATH ARGENTINA V13 2024\[SRC]CLIENT VERSION 13\CXIMAGE\RELEASE\XIMADSP.OBJ
I:\HELBREATH ARGENTINA V13 2024\[SRC]CLIENT VERSION 13\CXIMAGE\RELEASE\XIMAENC.OBJ
I:\HELBREATH ARGENTINA V13 2024\[SRC]CLIENT VERSION 13\CXIMAGE\RELEASE\XIMAEXIF.OBJ
I:\HELBREATH ARGENTINA V13 2024\[SRC]CLIENT VERSION 13\CXIMAGE\RELEASE\XIMAGE.OBJ
I:\HELBREATH ARGENTINA V13 2024\[SRC]CLIENT VERSION 13\CXIMAGE\RELEASE\XIMAGIF.OBJ
I:\HELBREATH ARGENTINA V13 2024\[SRC]CLIENT VERSION 13\CXIMAGE\RELEASE\XIMAHIST.OBJ
I:\HELBREATH ARGENTINA V13 2024\[SRC]CLIENT VERSION 13\CXIMAGE\RELEASE\XIMAICO.OBJ
I:\HELBREATH ARGENTINA V13 2024\[SRC]CLIENT VERSION 13\CXIMAGE\RELEASE\XIMAINFO.OBJ
I:\HELBREATH ARGENTINA V13 2024\[SRC]CLIENT VERSION 13\CXIMAGE\RELEASE\XIMAINT.OBJ
I:\HELBREATH ARGENTINA V13 2024\[SRC]CLIENT VERSION 13\CXIMAGE\RELEASE\XIMAJ2K.OBJ
I:\HELBREATH ARGENTINA V13 2024\[SRC]CLIENT VERSION 13\CXIMAGE\RELEASE\XIMAJAS.OBJ
I:\HELBREATH ARGENTINA V13 2024\[SRC]CLIENT VERSION 13\CXIMAGE\RELEASE\XIMAJBG.OBJ
I:\HELBREATH ARGENTINA V13 2024\[SRC]CLIENT VERSION 13\CXIMAGE\RELEASE\XIMAJPG.OBJ
I:\HELBREATH ARGENTINA V13 2024\[SRC]CLIENT VERSION 13\CXIMAGE\RELEASE\XIMALPHA.OBJ
I:\HELBREATH ARGENTINA V13 2024\[SRC]CLIENT VERSION 13\CXIMAGE\RELEASE\XIMALYR.OBJ
I:\HELBREATH ARGENTINA V13 2024\[SRC]CLIENT VERSION 13\CXIMAGE\RELEASE\XIMAMNG.OBJ
I:\HELBREATH ARGENTINA V13 2024\[SRC]CLIENT VERSION 13\CXIMAGE\RELEASE\XIMAPAL.OBJ
I:\HELBREATH ARGENTINA V13 2024\[SRC]CLIENT VERSION 13\CXIMAGE\RELEASE\XIMAPCX.OBJ
I:\HELBREATH ARGENTINA V13 2024\[SRC]CLIENT VERSION 13\CXIMAGE\RELEASE\XIMAPNG.OBJ
I:\HELBREATH ARGENTINA V13 2024\[SRC]CLIENT VERSION 13\CXIMAGE\RELEASE\XIMASEL.OBJ
I:\HELBREATH ARGENTINA V13 2024\[SRC]CLIENT VERSION 13\CXIMAGE\RELEASE\XIMATGA.OBJ
I:\HELBREATH ARGENTINA V13 2024\[SRC]CLIENT VERSION 13\CXIMAGE\RELEASE\XIMATH.OBJ
I:\HELBREATH ARGENTINA V13 2024\[SRC]CLIENT VERSION 13\CXIMAGE\RELEASE\XIMATIF.OBJ
I:\HELBREATH ARGENTINA V13 2024\[SRC]CLIENT VERSION 13\CXIMAGE\RELEASE\XIMATRAN.OBJ
I:\HELBREATH ARGENTINA V13 2024\[SRC]CLIENT VERSION 13\CXIMAGE\RELEASE\XIMAWBMP.OBJ
I:\HELBREATH ARGENTINA V13 2024\[SRC]CLIENT VERSION 13\CXIMAGE\RELEASE\XIMAWMF.OBJ
I:\HELBREATH ARGENTINA V13 2024\[SRC]CLIENT VERSION 13\CXIMAGE\RELEASE\XIMAWND.OBJ
I:\HELBREATH ARGENTINA V13 2024\[SRC]CLIENT VERSION 13\CXIMAGE\RELEASE\XMEMFILE.OBJ
