e:\nucleo server v6\[src]client anticraker\jpeg\debug\jpeg.pdb
e:\nucleo server v6\[src]client anticraker\jpeg\debug\jpeg.idb
e:\nucleo server v6\[src]client anticraker\jpeg\debug\jdatasrc.obj
e:\nucleo server v6\[src]client anticraker\jpeg\debug\jdatadst.obj
e:\nucleo server v6\[src]client anticraker\jpeg\debug\jdapistd.obj
e:\nucleo server v6\[src]client anticraker\jpeg\debug\jdapimin.obj
e:\nucleo server v6\[src]client anticraker\jpeg\debug\jctrans.obj
e:\nucleo server v6\[src]client anticraker\jpeg\debug\jcsample.obj
e:\nucleo server v6\[src]client anticraker\jpeg\debug\jcprepct.obj
e:\nucleo server v6\[src]client anticraker\jpeg\debug\jcphuff.obj
e:\nucleo server v6\[src]client anticraker\jpeg\debug\jcparam.obj
e:\nucleo server v6\[src]client anticraker\jpeg\debug\jcomapi.obj
e:\nucleo server v6\[src]client anticraker\jpeg\debug\jcmaster.obj
e:\nucleo server v6\[src]client anticraker\jpeg\debug\jcmarker.obj
e:\nucleo server v6\[src]client anticraker\jpeg\debug\jcmainct.obj
e:\nucleo server v6\[src]client anticraker\jpeg\debug\jcinit.obj
e:\nucleo server v6\[src]client anticraker\jpeg\debug\jchuff.obj
e:\nucleo server v6\[src]client anticraker\jpeg\debug\jcdctmgr.obj
e:\nucleo server v6\[src]client anticraker\jpeg\debug\jccolor.obj
e:\nucleo server v6\[src]client anticraker\jpeg\debug\jccoefct.obj
e:\nucleo server v6\[src]client anticraker\jpeg\debug\jcapistd.obj
e:\nucleo server v6\[src]client anticraker\jpeg\debug\jcapimin.obj
e:\nucleo server v6\[src]client anticraker\jpeg\debug\jidctint.obj
e:\nucleo server v6\[src]client anticraker\jpeg\debug\jidctfst.obj
e:\nucleo server v6\[src]client anticraker\jpeg\debug\jidctflt.obj
e:\nucleo server v6\[src]client anticraker\jpeg\debug\jfdctint.obj
e:\nucleo server v6\[src]client anticraker\jpeg\debug\jfdctfst.obj
e:\nucleo server v6\[src]client anticraker\jpeg\debug\jfdctflt.obj
e:\nucleo server v6\[src]client anticraker\jpeg\debug\jerror.obj
e:\nucleo server v6\[src]client anticraker\jpeg\debug\jdtrans.obj
e:\nucleo server v6\[src]client anticraker\jpeg\debug\jdsample.obj
e:\nucleo server v6\[src]client anticraker\jpeg\debug\jdpostct.obj
e:\nucleo server v6\[src]client anticraker\jpeg\debug\jdphuff.obj
e:\nucleo server v6\[src]client anticraker\jpeg\debug\jdmerge.obj
e:\nucleo server v6\[src]client anticraker\jpeg\debug\jdmaster.obj
e:\nucleo server v6\[src]client anticraker\jpeg\debug\jdmarker.obj
e:\nucleo server v6\[src]client anticraker\jpeg\debug\jdmainct.obj
e:\nucleo server v6\[src]client anticraker\jpeg\debug\jdinput.obj
e:\nucleo server v6\[src]client anticraker\jpeg\debug\jdhuff.obj
e:\nucleo server v6\[src]client anticraker\jpeg\debug\jddctmgr.obj
e:\nucleo server v6\[src]client anticraker\jpeg\debug\jdcolor.obj
e:\nucleo server v6\[src]client anticraker\jpeg\debug\jdcoefct.obj
e:\nucleo server v6\[src]client anticraker\jpeg\debug\jutils.obj
e:\nucleo server v6\[src]client anticraker\jpeg\debug\jquant2.obj
e:\nucleo server v6\[src]client anticraker\jpeg\debug\jquant1.obj
e:\nucleo server v6\[src]client anticraker\jpeg\debug\jmemnobs.obj
e:\nucleo server v6\[src]client anticraker\jpeg\debug\jmemmgr.obj
e:\nucleo server v6\[src]client anticraker\jpeg\debug\jidctred.obj
c:\[src]client anticraker\jpeg\debug\jpeg.pdb
c:\[src]client anticraker\jpeg\debug\jpeg.idb
c:\[src]client anticraker\jpeg\debug\jdatasrc.obj
c:\[src]client anticraker\jpeg\debug\jdatadst.obj
c:\[src]client anticraker\jpeg\debug\jdapistd.obj
c:\[src]client anticraker\jpeg\debug\jdapimin.obj
c:\[src]client anticraker\jpeg\debug\jctrans.obj
c:\[src]client anticraker\jpeg\debug\jcsample.obj
c:\[src]client anticraker\jpeg\debug\jcprepct.obj
c:\[src]client anticraker\jpeg\debug\jcphuff.obj
c:\[src]client anticraker\jpeg\debug\jcparam.obj
c:\[src]client anticraker\jpeg\debug\jcomapi.obj
c:\[src]client anticraker\jpeg\debug\jcmaster.obj
c:\[src]client anticraker\jpeg\debug\jcmarker.obj
c:\[src]client anticraker\jpeg\debug\jcmainct.obj
c:\[src]client anticraker\jpeg\debug\jcinit.obj
c:\[src]client anticraker\jpeg\debug\jchuff.obj
c:\[src]client anticraker\jpeg\debug\jcdctmgr.obj
c:\[src]client anticraker\jpeg\debug\jccolor.obj
c:\[src]client anticraker\jpeg\debug\jccoefct.obj
c:\[src]client anticraker\jpeg\debug\jcapistd.obj
c:\[src]client anticraker\jpeg\debug\jcapimin.obj
c:\[src]client anticraker\jpeg\debug\jidctint.obj
c:\[src]client anticraker\jpeg\debug\jidctfst.obj
c:\[src]client anticraker\jpeg\debug\jidctflt.obj
c:\[src]client anticraker\jpeg\debug\jfdctint.obj
c:\[src]client anticraker\jpeg\debug\jfdctfst.obj
c:\[src]client anticraker\jpeg\debug\jfdctflt.obj
c:\[src]client anticraker\jpeg\debug\jerror.obj
c:\[src]client anticraker\jpeg\debug\jdtrans.obj
c:\[src]client anticraker\jpeg\debug\jdsample.obj
c:\[src]client anticraker\jpeg\debug\jdpostct.obj
c:\[src]client anticraker\jpeg\debug\jdphuff.obj
c:\[src]client anticraker\jpeg\debug\jdmerge.obj
c:\[src]client anticraker\jpeg\debug\jdmaster.obj
c:\[src]client anticraker\jpeg\debug\jdmarker.obj
c:\[src]client anticraker\jpeg\debug\jdmainct.obj
c:\[src]client anticraker\jpeg\debug\jdinput.obj
c:\[src]client anticraker\jpeg\debug\jdhuff.obj
c:\[src]client anticraker\jpeg\debug\jddctmgr.obj
c:\[src]client anticraker\jpeg\debug\jdcolor.obj
c:\[src]client anticraker\jpeg\debug\jdcoefct.obj
c:\[src]client anticraker\jpeg\debug\jutils.obj
c:\[src]client anticraker\jpeg\debug\jquant2.obj
c:\[src]client anticraker\jpeg\debug\jquant1.obj
c:\[src]client anticraker\jpeg\debug\jmemnobs.obj
c:\[src]client anticraker\jpeg\debug\jmemmgr.obj
c:\[src]client anticraker\jpeg\debug\jidctred.obj
e:\nucleo server v6\[src]client anticraker\jpeg\debug\jpeg.lib
c:\[src]client anticraker\jpeg\debug\jpeg.lib
c:\[src]client anticraker\jpeg\.\debug\jpeg.lib
c:\[src]client anticraker\jpeg\debug\jpeg.tlog\cl.command.1.tlog
c:\[src]client anticraker\jpeg\debug\jpeg.tlog\cl.read.1.tlog
c:\[src]client anticraker\jpeg\debug\jpeg.tlog\cl.write.1.tlog
c:\[src]client anticraker\jpeg\debug\jpeg.tlog\lib-link.read.1.tlog
c:\[src]client anticraker\jpeg\debug\jpeg.tlog\lib-link.write.1.tlog
c:\[src]client anticraker\jpeg\debug\jpeg.tlog\lib.command.1.tlog
