  Jcapimin.c
  Jcapistd.c
  Jccoefct.c
  Jccolor.c
  Jcdctmgr.c
  Jchuff.c
  Jcinit.c
  Jcmainct.c
  Jcmarker.c
  Jcmaster.c
  Jcomapi.c
  Jcparam.c
  Jcphuff.c
  Jcprepct.c
  Jcsample.c
  Jctrans.c
  Jdapimin.c
  Jdapistd.c
  Jdatadst.c
  Jdatasrc.c
  Generating Code...
  Compiling...
  Jdcoefct.c
  Jdcolor.c
  Jddctmgr.c
  Jdhuff.c
  Jdinput.c
  Jdmainct.c
  Jdmarker.c
  Jdmaster.c
  Jdmerge.c
  Jdphuff.c
  Jdpostct.c
  Jdsample.c
  Jdtrans.c
  Jerror.c
  Jfdctflt.c
  Jfdctfst.c
  Jfdctint.c
  Jidctflt.c
  Jidctfst.c
  Jidctint.c
  Generating Code...
  Compiling...
  Jidctred.c
  Jmemmgr.c
  Jmemnobs.c
  Jquant1.c
  Jquant2.c
  Jutils.c
  Generating Code...
  jpeg.vcxproj -> I:\Helbreath Argentina v13 2024\[SRC]Client Version 13\jpeg\.\Debug\jpeg.lib
