C:\[SRC]Client Version 9\CxImage\.\Debug\CxImage.lib
C:\[SRC]Client Version 9\CxImage\Debug\cl.command.1.tlog
C:\[SRC]Client Version 9\CxImage\Debug\CL.read.1.tlog
C:\[SRC]Client Version 9\CxImage\Debug\CL.write.1.tlog
C:\[SRC]Client Version 9\CxImage\Debug\lib.command.1.tlog
C:\[SRC]Client Version 9\CxImage\Debug\Lib-link.read.1.tlog
C:\[SRC]Client Version 9\CxImage\Debug\Lib-link.write.1.tlog
C:\[SRC]Client Version 9\CxImage\Debug\tif_xfile.obj
C:\[SRC]Client Version 9\CxImage\Debug\vc100.idb
C:\[SRC]Client Version 9\CxImage\Debug\vc100.pdb
C:\[SRC]Client Version 9\CxImage\Debug\ximabmp.obj
C:\[SRC]Client Version 9\CxImage\Debug\ximadsp.obj
C:\[SRC]Client Version 9\CxImage\Debug\ximaenc.obj
C:\[SRC]Client Version 9\CxImage\Debug\ximaexif.obj
C:\[SRC]Client Version 9\CxImage\Debug\xImage.obj
C:\[SRC]Client Version 9\CxImage\Debug\ximagif.obj
C:\[SRC]Client Version 9\CxImage\Debug\ximahist.obj
C:\[SRC]Client Version 9\CxImage\Debug\ximaico.obj
C:\[SRC]Client Version 9\CxImage\Debug\ximainfo.obj
C:\[SRC]Client Version 9\CxImage\Debug\ximaint.obj
C:\[SRC]Client Version 9\CxImage\Debug\ximaj2k.obj
C:\[SRC]Client Version 9\CxImage\Debug\ximajas.obj
C:\[SRC]Client Version 9\CxImage\Debug\ximajbg.obj
C:\[SRC]Client Version 9\CxImage\Debug\ximajpg.obj
C:\[SRC]Client Version 9\CxImage\Debug\ximalpha.obj
C:\[SRC]Client Version 9\CxImage\Debug\ximalyr.obj
C:\[SRC]Client Version 9\CxImage\Debug\ximamng.obj
C:\[SRC]Client Version 9\CxImage\Debug\ximapal.obj
C:\[SRC]Client Version 9\CxImage\Debug\ximapcx.obj
C:\[SRC]Client Version 9\CxImage\Debug\ximapng.obj
C:\[SRC]Client Version 9\CxImage\Debug\ximasel.obj
C:\[SRC]Client Version 9\CxImage\Debug\ximatga.obj
C:\[SRC]Client Version 9\CxImage\Debug\ximath.obj
C:\[SRC]Client Version 9\CxImage\Debug\ximatif.obj
C:\[SRC]Client Version 9\CxImage\Debug\ximawbmp.obj
C:\[SRC]Client Version 9\CxImage\Debug\ximawmf.obj
C:\[SRC]Client Version 9\CxImage\Debug\ximawnd.obj
C:\[SRC]Client Version 9\CxImage\Debug\xmemfile.obj
E:\NUCLEO SERVER V6\[SRC]CLIENT ANTICRAKER\CXIMAGE\DEBUG\CXIMAGE.LIB
E:\NUCLEO SERVER V6\[SRC]CLIENT ANTICRAKER\CXIMAGE\DEBUG\TIF_XFILE.OBJ
E:\NUCLEO SERVER V6\[SRC]CLIENT ANTICRAKER\CXIMAGE\DEBUG\VC100.PDB
E:\NUCLEO SERVER V6\[SRC]CLIENT ANTICRAKER\CXIMAGE\DEBUG\XIMABMP.OBJ
E:\NUCLEO SERVER V6\[SRC]CLIENT ANTICRAKER\CXIMAGE\DEBUG\XIMADSP.OBJ
E:\NUCLEO SERVER V6\[SRC]CLIENT ANTICRAKER\CXIMAGE\DEBUG\XIMAENC.OBJ
E:\NUCLEO SERVER V6\[SRC]CLIENT ANTICRAKER\CXIMAGE\DEBUG\XIMAEXIF.OBJ
E:\NUCLEO SERVER V6\[SRC]CLIENT ANTICRAKER\CXIMAGE\DEBUG\XIMAGE.OBJ
E:\NUCLEO SERVER V6\[SRC]CLIENT ANTICRAKER\CXIMAGE\DEBUG\XIMAGIF.OBJ
E:\NUCLEO SERVER V6\[SRC]CLIENT ANTICRAKER\CXIMAGE\DEBUG\XIMAHIST.OBJ
E:\NUCLEO SERVER V6\[SRC]CLIENT ANTICRAKER\CXIMAGE\DEBUG\XIMAICO.OBJ
E:\NUCLEO SERVER V6\[SRC]CLIENT ANTICRAKER\CXIMAGE\DEBUG\XIMAINFO.OBJ
E:\NUCLEO SERVER V6\[SRC]CLIENT ANTICRAKER\CXIMAGE\DEBUG\XIMAINT.OBJ
E:\NUCLEO SERVER V6\[SRC]CLIENT ANTICRAKER\CXIMAGE\DEBUG\XIMAJ2K.OBJ
E:\NUCLEO SERVER V6\[SRC]CLIENT ANTICRAKER\CXIMAGE\DEBUG\XIMAJAS.OBJ
E:\NUCLEO SERVER V6\[SRC]CLIENT ANTICRAKER\CXIMAGE\DEBUG\XIMAJBG.OBJ
E:\NUCLEO SERVER V6\[SRC]CLIENT ANTICRAKER\CXIMAGE\DEBUG\XIMAJPG.OBJ
E:\NUCLEO SERVER V6\[SRC]CLIENT ANTICRAKER\CXIMAGE\DEBUG\XIMALPHA.OBJ
E:\NUCLEO SERVER V6\[SRC]CLIENT ANTICRAKER\CXIMAGE\DEBUG\XIMALYR.OBJ
E:\NUCLEO SERVER V6\[SRC]CLIENT ANTICRAKER\CXIMAGE\DEBUG\XIMAMNG.OBJ
E:\NUCLEO SERVER V6\[SRC]CLIENT ANTICRAKER\CXIMAGE\DEBUG\XIMAPAL.OBJ
E:\NUCLEO SERVER V6\[SRC]CLIENT ANTICRAKER\CXIMAGE\DEBUG\XIMAPCX.OBJ
E:\NUCLEO SERVER V6\[SRC]CLIENT ANTICRAKER\CXIMAGE\DEBUG\XIMAPNG.OBJ
E:\NUCLEO SERVER V6\[SRC]CLIENT ANTICRAKER\CXIMAGE\DEBUG\XIMASEL.OBJ
E:\NUCLEO SERVER V6\[SRC]CLIENT ANTICRAKER\CXIMAGE\DEBUG\XIMATGA.OBJ
E:\NUCLEO SERVER V6\[SRC]CLIENT ANTICRAKER\CXIMAGE\DEBUG\XIMATH.OBJ
E:\NUCLEO SERVER V6\[SRC]CLIENT ANTICRAKER\CXIMAGE\DEBUG\XIMATIF.OBJ
E:\NUCLEO SERVER V6\[SRC]CLIENT ANTICRAKER\CXIMAGE\DEBUG\XIMATRAN.OBJ
E:\NUCLEO SERVER V6\[SRC]CLIENT ANTICRAKER\CXIMAGE\DEBUG\XIMAWBMP.OBJ
E:\NUCLEO SERVER V6\[SRC]CLIENT ANTICRAKER\CXIMAGE\DEBUG\XIMAWMF.OBJ
E:\NUCLEO SERVER V6\[SRC]CLIENT ANTICRAKER\CXIMAGE\DEBUG\XIMAWND.OBJ
E:\NUCLEO SERVER V6\[SRC]CLIENT ANTICRAKER\CXIMAGE\DEBUG\XMEMFILE.OBJ
