c:\users\admin\desktop\helbreth cursed\[src]nucleo\debug\vc120.pdb
e:\back dec 2024\helbreth cursed classic\[src]nucleo\debug\vc120.pdb
e:\back dec 2024\helbreth cursed classic\[src]nucleo\debug\vc120.idb
e:\back dec 2024\helbreth cursed classic\[src]nucleo\debug\xsocket.obj
e:\back dec 2024\helbreth cursed classic\[src]nucleo\debug\strtok.obj
e:\back dec 2024\helbreth cursed classic\[src]nucleo\debug\wmain.obj
e:\back dec 2024\helbreth cursed classic\[src]nucleo\debug\msg.obj
e:\back dec 2024\helbreth cursed classic\[src]nucleo\debug\mapserver.obj
e:\back dec 2024\helbreth cursed classic\[src]nucleo\debug\map.obj
e:\back dec 2024\helbreth cursed classic\[src]nucleo\debug\mainlog.obj
e:\back dec 2024\helbreth cursed classic\[src]nucleo\debug\main.obj
e:\back dec 2024\helbreth cursed classic\[src]nucleo\debug\game.obj
e:\back dec 2024\helbreth cursed classic\[src]nucleo\debug\client.obj
e:\back dec 2024\helbreth cursed classic\[src]nucleo\debug\capplicationstartup.obj
e:\back dec 2024\helbreth cursed classic\[src]nucleo\debug\account.obj
c:\users\admin\desktop\helbreth cursed\nucleo\nucleo.exe
c:\users\admin\desktop\helbreth cursed\[src]nucleo\debug\nucleo.pdb
e:\back dec 2024\helbreth cursed classic\nucleo\nucleo.exe
e:\back dec 2024\helbreth cursed classic\[src]nucleo\debug\nucleo.pdb
e:\back dec 2024\helbreth cursed classic\[src]nucleo\..\nucleo\nucleo.exe
e:\back dec 2024\helbreth cursed classic\[src]nucleo\debug\nucleo.tlog\cl.command.1.tlog
e:\back dec 2024\helbreth cursed classic\[src]nucleo\debug\nucleo.tlog\cl.read.1.tlog
e:\back dec 2024\helbreth cursed classic\[src]nucleo\debug\nucleo.tlog\cl.write.1.tlog
e:\back dec 2024\helbreth cursed classic\[src]nucleo\debug\nucleo.tlog\link.command.1.tlog
e:\back dec 2024\helbreth cursed classic\[src]nucleo\debug\nucleo.tlog\link.read.1.tlog
e:\back dec 2024\helbreth cursed classic\[src]nucleo\debug\nucleo.tlog\link.write.1.tlog
